#
# There is insufficient memory for the Java Runtime Environment to continue.
# Native memory allocation (malloc) failed to allocate 150576 bytes for Chunk::new
# Possible reasons:
#   The system is out of physical RAM or swap space
#   The process is running with CompressedOops enabled, and the Java Heap may be blocking the growth of the native heap
# Possible solutions:
#   Reduce memory load on the system
#   Increase physical memory or swap space
#   Check if swap backing store is full
#   Decrease Java heap size (-Xmx/-Xms)
#   Decrease number of Java threads
#   Decrease Java thread stack sizes (-Xss)
#   Set larger code cache with -XX:ReservedCodeCacheSize=
#   JVM is running with Unscaled Compressed Oops mode in which the Java heap is
#     placed in the first 4GB address space. The Java Heap base address is the
#     maximum limit for the native heap growth. Please use -XX:HeapBaseMinAddress
#     to set the Java Heap base and to place the Java Heap above 4GB virtual address.
# This output file may be truncated or incomplete.
#
#  Out of Memory Error (arena.cpp:197), pid=9348, tid=9512
#
# JRE version: OpenJDK Runtime Environment Corretto-11.0.20.8.1 (11.0.20+8) (build 11.0.20+8-LTS)
# Java VM: OpenJDK 64-Bit Server VM Corretto-11.0.20.8.1 (11.0.20+8-LTS, mixed mode, tiered, compressed oops, g1 gc, windows-amd64)
# No core dump will be written. Minidumps are not enabled by default on client versions of Windows
#

---------------  S U M M A R Y ------------

Command Line: -ea -Didea.test.cyclic.buffer.size=1048576 -javaagent:C:\Program Files\JetBrains\IntelliJ IDEA Community Edition 2023.2\lib\idea_rt.jar=51460:C:\Program Files\JetBrains\IntelliJ IDEA Community Edition 2023.2\bin -Dfile.encoding=UTF-8 com.intellij.rt.junit.JUnitStarter -ideVersion5 -junit5 Task.TaskTest

Host: Intel(R) Pentium(R) CPU        P6200  @ 2.13GHz, 2 cores, 3G,  Windows 10 , 64 bit Build 19041 (10.0.19041.3393)
Time: Fri Sep 15 16:13:03 2023 RTZ 2 (s 10 , 64 bit Build 19041 (10.0.19041.3393) elapsed time: 1.721005 seconds (0d 0h 0m 1s)

---------------  T H R E A D  ---------------

Current thread (0x000001e57c896800):  JavaThread "C2 CompilerThread0" daemon [_thread_in_native, id=9512, stack(0x000000be39e00000,0x000000be39f00000)]


Current CompileTask:
C2:   1721  924       4       java.util.zip.ZipFile$Source::getEntryPos (206 bytes)

Stack: [0x000000be39e00000,0x000000be39f00000]
Native frames: (J=compiled Java code, j=interpreted, Vv=VM code, C=native code)
V  [jvm.dll+0x62418a]
V  [jvm.dll+0x7b1d69]
V  [jvm.dll+0x7b3458]
V  [jvm.dll+0x7b3b33]
V  [jvm.dll+0x250148]
V  [jvm.dll+0xc264c]
V  [jvm.dll+0xc2c0c]
V  [jvm.dll+0x35cf62]
V  [jvm.dll+0x328ee3]
V  [jvm.dll+0x32821a]
V  [jvm.dll+0x2095a3]
V  [jvm.dll+0x2086fd]
V  [jvm.dll+0x18a6b1]
V  [jvm.dll+0x217da4]
V  [jvm.dll+0x215feb]
V  [jvm.dll+0x774840]
V  [jvm.dll+0x76d634]
V  [jvm.dll+0x622ff5]
C  [ucrtbase.dll+0x21bb2]
C  [KERNEL32.DLL+0x17344]
C  [ntdll.dll+0x526b1]


---------------  P R O C E S S  ---------------

Threads class SMR info:
_java_thread_list=0x000001e57d3e32b0, length=11, elements={
0x000001e55ee49000, 0x000001e57c86e800, 0x000001e57c879800, 0x000001e57c88c800,
0x000001e57c892800, 0x000001e57c893800, 0x000001e57c896800, 0x000001e57d256000,
0x000001e57c89e000, 0x000001e57d2a0800, 0x000001e57d41d800
}

Java Threads: ( => current thread )
  0x000001e55ee49000 JavaThread "main" [_thread_in_vm, id=6508, stack(0x000000be39200000,0x000000be39300000)]
  0x000001e57c86e800 JavaThread "Reference Handler" daemon [_thread_blocked, id=4960, stack(0x000000be39900000,0x000000be39a00000)]
  0x000001e57c879800 JavaThread "Finalizer" daemon [_thread_blocked, id=3220, stack(0x000000be39a00000,0x000000be39b00000)]
  0x000001e57c88c800 JavaThread "Signal Dispatcher" daemon [_thread_blocked, id=8388, stack(0x000000be39b00000,0x000000be39c00000)]
  0x000001e57c892800 JavaThread "Attach Listener" daemon [_thread_blocked, id=9032, stack(0x000000be39c00000,0x000000be39d00000)]
  0x000001e57c893800 JavaThread "Service Thread" daemon [_thread_blocked, id=7004, stack(0x000000be39d00000,0x000000be39e00000)]
=>0x000001e57c896800 JavaThread "C2 CompilerThread0" daemon [_thread_in_native, id=9512, stack(0x000000be39e00000,0x000000be39f00000)]
  0x000001e57d256000 JavaThread "C1 CompilerThread0" daemon [_thread_blocked, id=6792, stack(0x000000be39f00000,0x000000be3a000000)]
  0x000001e57c89e000 JavaThread "Sweeper thread" daemon [_thread_blocked, id=6476, stack(0x000000be3a000000,0x000000be3a100000)]
  0x000001e57d2a0800 JavaThread "Common-Cleaner" daemon [_thread_blocked, id=8112, stack(0x000000be3a100000,0x000000be3a200000)]
  0x000001e57d41d800 JavaThread "Monitor Ctrl-Break" daemon [_thread_in_native, id=9040, stack(0x000000be3a200000,0x000000be3a300000)]

Other Threads:
  0x000001e57c84a000 VMThread "VM Thread" [stack: 0x000000be39800000,0x000000be39900000] [id=4468]
  0x000001e57d41e000 WatcherThread [stack: 0x000000be3a300000,0x000000be3a400000] [id=5000]
  0x000001e55ee5f800 GCTaskThread "GC Thread#0" [stack: 0x000000be39300000,0x000000be39400000] [id=9096]
  0x000001e57d911800 GCTaskThread "GC Thread#1" [stack: 0x000000be3a400000,0x000000be3a500000] [id=536]
  0x000001e55ee78800 ConcurrentGCThread "G1 Main Marker" [stack: 0x000000be39400000,0x000000be39500000] [id=3212]
  0x000001e55ee7a000 ConcurrentGCThread "G1 Conc#0" [stack: 0x000000be39500000,0x000000be39600000] [id=7632]
  0x000001e55eeb8800 ConcurrentGCThread "G1 Refine#0" [stack: 0x000000be39600000,0x000000be39700000] [id=2180]
  0x000001e55eeb9800 ConcurrentGCThread "G1 Young RemSet Sampling" [stack: 0x000000be39700000,0x000000be39800000] [id=9620]

Threads with active compile tasks:
C2 CompilerThread0     1770  924       4       java.util.zip.ZipFile$Source::getEntryPos (206 bytes)
C1 CompilerThread0     1770  961   !   3       java.util.zip.Inflater::needsInput (55 bytes)

VM state:not at safepoint (normal execution)

VM Mutex/Monitor currently owned by a thread: None

Heap address: 0x00000000c5200000, size: 942 MB, Compressed Oops mode: 32-bit
Narrow klass base: 0x0000000000000000, Narrow klass shift: 3
Compressed class space size: 1073741824 Address: 0x0000000100000000

Heap:
 garbage-first heap   total 61440K, used 2702K [0x00000000c5200000, 0x0000000100000000)
  region size 1024K, 2 young (2048K), 1 survivors (1024K)
 Metaspace       used 11724K, capacity 12125K, committed 12416K, reserved 1060864K
  class space    used 1145K, capacity 1284K, committed 1408K, reserved 1048576K
Heap Regions: E=young(eden), S=young(survivor), O=old, HS=humongous(starts), HC=humongous(continues), CS=collection set, F=free, A=archive, TAMS=top-at-mark-start (previous, next)
|   0|0x00000000c5200000, 0x00000000c5300000, 0x00000000c5300000|100%| O|  |TAMS 0x00000000c5300000, 0x00000000c5200000| Untracked 
|   1|0x00000000c5300000, 0x00000000c53bc400, 0x00000000c5400000| 73%| O|  |TAMS 0x00000000c53bc400, 0x00000000c5300000| Untracked 
|   2|0x00000000c5400000, 0x00000000c5400000, 0x00000000c5500000|  0%| F|  |TAMS 0x00000000c5400000, 0x00000000c5400000| Untracked 
|   3|0x00000000c5500000, 0x00000000c5500000, 0x00000000c5600000|  0%| F|  |TAMS 0x00000000c5500000, 0x00000000c5500000| Untracked 
|   4|0x00000000c5600000, 0x00000000c5600000, 0x00000000c5700000|  0%| F|  |TAMS 0x00000000c5600000, 0x00000000c5600000| Untracked 
|   5|0x00000000c5700000, 0x00000000c5700000, 0x00000000c5800000|  0%| F|  |TAMS 0x00000000c5700000, 0x00000000c5700000| Untracked 
|   6|0x00000000c5800000, 0x00000000c5800000, 0x00000000c5900000|  0%| F|  |TAMS 0x00000000c5800000, 0x00000000c5800000| Untracked 
|   7|0x00000000c5900000, 0x00000000c5900000, 0x00000000c5a00000|  0%| F|  |TAMS 0x00000000c5900000, 0x00000000c5900000| Untracked 
|   8|0x00000000c5a00000, 0x00000000c5a00000, 0x00000000c5b00000|  0%| F|  |TAMS 0x00000000c5a00000, 0x00000000c5a00000| Untracked 
|   9|0x00000000c5b00000, 0x00000000c5b00000, 0x00000000c5c00000|  0%| F|  |TAMS 0x00000000c5b00000, 0x00000000c5b00000| Untracked 
|  10|0x00000000c5c00000, 0x00000000c5c00000, 0x00000000c5d00000|  0%| F|  |TAMS 0x00000000c5c00000, 0x00000000c5c00000| Untracked 
|  11|0x00000000c5d00000, 0x00000000c5d00000, 0x00000000c5e00000|  0%| F|  |TAMS 0x00000000c5d00000, 0x00000000c5d00000| Untracked 
|  12|0x00000000c5e00000, 0x00000000c5e00000, 0x00000000c5f00000|  0%| F|  |TAMS 0x00000000c5e00000, 0x00000000c5e00000| Untracked 
|  13|0x00000000c5f00000, 0x00000000c5f00000, 0x00000000c6000000|  0%| F|  |TAMS 0x00000000c5f00000, 0x00000000c5f00000| Untracked 
|  14|0x00000000c6000000, 0x00000000c6000000, 0x00000000c6100000|  0%| F|  |TAMS 0x00000000c6000000, 0x00000000c6000000| Untracked 
|  15|0x00000000c6100000, 0x00000000c6100000, 0x00000000c6200000|  0%| F|  |TAMS 0x00000000c6100000, 0x00000000c6100000| Untracked 
|  16|0x00000000c6200000, 0x00000000c6200000, 0x00000000c6300000|  0%| F|  |TAMS 0x00000000c6200000, 0x00000000c6200000| Untracked 
|  17|0x00000000c6300000, 0x00000000c6300000, 0x00000000c6400000|  0%| F|  |TAMS 0x00000000c6300000, 0x00000000c6300000| Untracked 
|  18|0x00000000c6400000, 0x00000000c6400000, 0x00000000c6500000|  0%| F|  |TAMS 0x00000000c6400000, 0x00000000c6400000| Untracked 
|  19|0x00000000c6500000, 0x00000000c6500000, 0x00000000c6600000|  0%| F|  |TAMS 0x00000000c6500000, 0x00000000c6500000| Untracked 
|  20|0x00000000c6600000, 0x00000000c6600000, 0x00000000c6700000|  0%| F|  |TAMS 0x00000000c6600000, 0x00000000c6600000| Untracked 
|  21|0x00000000c6700000, 0x00000000c6700000, 0x00000000c6800000|  0%| F|  |TAMS 0x00000000c6700000, 0x00000000c6700000| Untracked 
|  22|0x00000000c6800000, 0x00000000c6800000, 0x00000000c6900000|  0%| F|  |TAMS 0x00000000c6800000, 0x00000000c6800000| Untracked 
|  23|0x00000000c6900000, 0x00000000c6900000, 0x00000000c6a00000|  0%| F|  |TAMS 0x00000000c6900000, 0x00000000c6900000| Untracked 
|  24|0x00000000c6a00000, 0x00000000c6a00000, 0x00000000c6b00000|  0%| F|  |TAMS 0x00000000c6a00000, 0x00000000c6a00000| Untracked 
|  25|0x00000000c6b00000, 0x00000000c6b00000, 0x00000000c6c00000|  0%| F|  |TAMS 0x00000000c6b00000, 0x00000000c6b00000| Untracked 
|  26|0x00000000c6c00000, 0x00000000c6c00000, 0x00000000c6d00000|  0%| F|  |TAMS 0x00000000c6c00000, 0x00000000c6c00000| Untracked 
|  27|0x00000000c6d00000, 0x00000000c6d00000, 0x00000000c6e00000|  0%| F|  |TAMS 0x00000000c6d00000, 0x00000000c6d00000| Untracked 
|  28|0x00000000c6e00000, 0x00000000c6e00000, 0x00000000c6f00000|  0%| F|  |TAMS 0x00000000c6e00000, 0x00000000c6e00000| Untracked 
|  29|0x00000000c6f00000, 0x00000000c6f00000, 0x00000000c7000000|  0%| F|  |TAMS 0x00000000c6f00000, 0x00000000c6f00000| Untracked 
|  30|0x00000000c7000000, 0x00000000c7000000, 0x00000000c7100000|  0%| F|  |TAMS 0x00000000c7000000, 0x00000000c7000000| Untracked 
|  31|0x00000000c7100000, 0x00000000c7100000, 0x00000000c7200000|  0%| F|  |TAMS 0x00000000c7100000, 0x00000000c7100000| Untracked 
|  32|0x00000000c7200000, 0x00000000c7200000, 0x00000000c7300000|  0%| F|  |TAMS 0x00000000c7200000, 0x00000000c7200000| Untracked 
|  33|0x00000000c7300000, 0x00000000c7300000, 0x00000000c7400000|  0%| F|  |TAMS 0x00000000c7300000, 0x00000000c7300000| Untracked 
|  34|0x00000000c7400000, 0x00000000c7400000, 0x00000000c7500000|  0%| F|  |TAMS 0x00000000c7400000, 0x00000000c7400000| Untracked 
|  35|0x00000000c7500000, 0x00000000c7500000, 0x00000000c7600000|  0%| F|  |TAMS 0x00000000c7500000, 0x00000000c7500000| Untracked 
|  36|0x00000000c7600000, 0x00000000c7600000, 0x00000000c7700000|  0%| F|  |TAMS 0x00000000c7600000, 0x00000000c7600000| Untracked 
|  37|0x00000000c7700000, 0x00000000c7700000, 0x00000000c7800000|  0%| F|  |TAMS 0x00000000c7700000, 0x00000000c7700000| Untracked 
|  38|0x00000000c7800000, 0x00000000c7800000, 0x00000000c7900000|  0%| F|  |TAMS 0x00000000c7800000, 0x00000000c7800000| Untracked 
|  39|0x00000000c7900000, 0x00000000c7900000, 0x00000000c7a00000|  0%| F|  |TAMS 0x00000000c7900000, 0x00000000c7900000| Untracked 
|  40|0x00000000c7a00000, 0x00000000c7a00000, 0x00000000c7b00000|  0%| F|  |TAMS 0x00000000c7a00000, 0x00000000c7a00000| Untracked 
|  41|0x00000000c7b00000, 0x00000000c7b00000, 0x00000000c7c00000|  0%| F|  |TAMS 0x00000000c7b00000, 0x00000000c7b00000| Untracked 
|  42|0x00000000c7c00000, 0x00000000c7c00000, 0x00000000c7d00000|  0%| F|  |TAMS 0x00000000c7c00000, 0x00000000c7c00000| Untracked 
|  43|0x00000000c7d00000, 0x00000000c7d00000, 0x00000000c7e00000|  0%| F|  |TAMS 0x00000000c7d00000, 0x00000000c7d00000| Untracked 
|  44|0x00000000c7e00000, 0x00000000c7e00000, 0x00000000c7f00000|  0%| F|  |TAMS 0x00000000c7e00000, 0x00000000c7e00000| Untracked 
|  45|0x00000000c7f00000, 0x00000000c7f00000, 0x00000000c8000000|  0%| F|  |TAMS 0x00000000c7f00000, 0x00000000c7f00000| Untracked 
|  46|0x00000000c8000000, 0x00000000c8000000, 0x00000000c8100000|  0%| F|  |TAMS 0x00000000c8000000, 0x00000000c8000000| Untracked 
|  47|0x00000000c8100000, 0x00000000c8100000, 0x00000000c8200000|  0%| F|  |TAMS 0x00000000c8100000, 0x00000000c8100000| Untracked 
|  48|0x00000000c8200000, 0x00000000c8200000, 0x00000000c8300000|  0%| F|  |TAMS 0x00000000c8200000, 0x00000000c8200000| Untracked 
|  49|0x00000000c8300000, 0x00000000c8300000, 0x00000000c8400000|  0%| F|  |TAMS 0x00000000c8300000, 0x00000000c8300000| Untracked 
|  50|0x00000000c8400000, 0x00000000c8400000, 0x00000000c8500000|  0%| F|  |TAMS 0x00000000c8400000, 0x00000000c8400000| Untracked 
|  51|0x00000000c8500000, 0x00000000c8500000, 0x00000000c8600000|  0%| F|  |TAMS 0x00000000c8500000, 0x00000000c8500000| Untracked 
|  52|0x00000000c8600000, 0x00000000c8600000, 0x00000000c8700000|  0%| F|  |TAMS 0x00000000c8600000, 0x00000000c8600000| Untracked 
|  53|0x00000000c8700000, 0x00000000c8700000, 0x00000000c8800000|  0%| F|  |TAMS 0x00000000c8700000, 0x00000000c8700000| Untracked 
|  54|0x00000000c8800000, 0x00000000c8800000, 0x00000000c8900000|  0%| F|  |TAMS 0x00000000c8800000, 0x00000000c8800000| Untracked 
|  55|0x00000000c8900000, 0x00000000c8900000, 0x00000000c8a00000|  0%| F|  |TAMS 0x00000000c8900000, 0x00000000c8900000| Untracked 
|  56|0x00000000c8a00000, 0x00000000c8a00000, 0x00000000c8b00000|  0%| F|  |TAMS 0x00000000c8a00000, 0x00000000c8a00000| Untracked 
|  57|0x00000000c8b00000, 0x00000000c8b00000, 0x00000000c8c00000|  0%| F|  |TAMS 0x00000000c8b00000, 0x00000000c8b00000| Untracked 
|  58|0x00000000c8c00000, 0x00000000c8ce7528, 0x00000000c8d00000| 90%| S|CS|TAMS 0x00000000c8c00000, 0x00000000c8c00000| Complete 
|  59|0x00000000c8d00000, 0x00000000c8d55ce8, 0x00000000c8e00000| 33%| E|  |TAMS 0x00000000c8d00000, 0x00000000c8d00000| Complete 

Card table byte_map: [0x000001e578320000,0x000001e578500000] _byte_map_base: 0x000001e577cf7000

Marking Bits (Prev, Next): (CMBitMap*) 0x000001e55ee742a0, (CMBitMap*) 0x000001e55ee74268
 Prev Bits: [0x000001e5795a0000, 0x000001e57a458000)
 Next Bits: [0x000001e5786e0000, 0x000001e579598000)

Polling page: 0x000001e55eec0000

Metaspace:

Usage:
  Non-class:     10.59 MB capacity,    10.34 MB ( 98%) used,   225.81 KB (  2%) free+waste,    33.63 KB ( <1%) overhead. 
      Class:      1.25 MB capacity,     1.12 MB ( 89%) used,   120.87 KB (  9%) free+waste,    16.94 KB (  1%) overhead. 
       Both:     11.84 MB capacity,    11.46 MB ( 97%) used,   346.68 KB (  3%) free+waste,    50.56 KB ( <1%) overhead. 

Virtual space:
  Non-class space:       12.00 MB reserved,      10.75 MB ( 90%) committed 
      Class space:        1.00 GB reserved,       1.38 MB ( <1%) committed 
             Both:        1.01 GB reserved,      12.13 MB (  1%) committed 

Chunk freelists:
   Non-Class:  37.00 KB
       Class:  0 bytes
        Both:  37.00 KB

MaxMetaspaceSize: 17179869184.00 GB
CompressedClassSpaceSize: 1.00 GB
Initial GC threshold: 20.80 MB
Current GC threshold: 21.12 MB
CDS: off

CodeHeap 'non-profiled nmethods': size=120064Kb used=294Kb max_used=294Kb free=119769Kb
 bounds [0x000001e5707f0000, 0x000001e570a60000, 0x000001e577d30000]
CodeHeap 'profiled nmethods': size=120000Kb used=1737Kb max_used=1737Kb free=118262Kb
 bounds [0x000001e5692c0000, 0x000001e569530000, 0x000001e5707f0000]
CodeHeap 'non-nmethods': size=5696Kb used=1122Kb max_used=1137Kb free=4573Kb
 bounds [0x000001e568d30000, 0x000001e568fa0000, 0x000001e5692c0000]
 total_blobs=1341 nmethods=963 adapters=292
 compilation: enabled
              stopped_count=0, restarted_count=0
 full_count=0

Compilation events (20 events):
Event: 1.694 Thread 0x000001e57c896800 nmethod 917 0x000001e570836d10 code [0x000001e570836ea0, 0x000001e570836f78]
Event: 1.697 Thread 0x000001e57d256000  919   !   3       java.lang.invoke.MethodHandleNatives::linkMethodHandleConstant (50 bytes)
Event: 1.698 Thread 0x000001e57d256000 nmethod 919 0x000001e56945de10 code [0x000001e56945dfe0, 0x000001e56945e1c8]
Event: 1.698 Thread 0x000001e57d256000  920       3       java.lang.invoke.MethodHandles$Lookup::linkMethodHandleConstant (220 bytes)
Event: 1.700 Thread 0x000001e57d256000 nmethod 920 0x000001e56945e390 code [0x000001e56945e780, 0x000001e569460318]
Event: 1.700 Thread 0x000001e57d256000  921       3       java.lang.invoke.LambdaForm$MH/0x00000001000c9040::invoke (155 bytes)
Event: 1.701 Thread 0x000001e57d256000 nmethod 921 0x000001e569460b90 code [0x000001e569460e20, 0x000001e569461d78]
Event: 1.701 Thread 0x000001e57d256000  922       3       java.lang.StringConcatHelper::mixLen (10 bytes)
Event: 1.702 Thread 0x000001e57d256000 nmethod 922 0x000001e569462190 code [0x000001e569462380, 0x000001e5694626c8]
Event: 1.702 Thread 0x000001e57d256000  923       3       java.lang.StringConcatHelper::checkOverflow (16 bytes)
Event: 1.702 Thread 0x000001e57d256000 nmethod 923 0x000001e569462890 code [0x000001e569462a60, 0x000001e569462c48]
Event: 1.705 Thread 0x000001e57c896800  924       4       java.util.zip.ZipFile$Source::getEntryPos (206 bytes)
Event: 1.705 Thread 0x000001e57d256000  925       3       jdk.internal.reflect.MagicAccessorImpl::<init> (5 bytes)
Event: 1.706 Thread 0x000001e57d256000 nmethod 925 0x000001e569462d10 code [0x000001e569462ec0, 0x000001e569463018]
Event: 1.709 Thread 0x000001e57d256000  926       3       java.util.zip.ZipUtils::LOCSIG (6 bytes)
Event: 1.710 Thread 0x000001e57d256000 nmethod 926 0x000001e569463110 code [0x000001e5694632e0, 0x000001e569463598]
Event: 1.710 Thread 0x000001e57d256000  927       3       java.util.ArrayDeque::addLast (51 bytes)
Event: 1.710 Thread 0x000001e57d256000 nmethod 927 0x000001e569463710 code [0x000001e569463900, 0x000001e569463d98]
Event: 1.714 Thread 0x000001e57d256000  929       1       java.lang.reflect.Constructor::getDeclaringClass (5 bytes)
Event: 1.714 Thread 0x000001e57d256000 nmethod 929 0x000001e570837090 code [0x000001e570837240, 0x000001e5708372f8]

GC Heap History (4 events):
Event: 1.184 GC heap before
{Heap before GC invocations=0 (full 0):
 garbage-first heap   total 61440K, used 6144K [0x00000000c5200000, 0x0000000100000000)
  region size 1024K, 7 young (7168K), 0 survivors (0K)
 Metaspace       used 9599K, capacity 9864K, committed 9984K, reserved 1058816K
  class space    used 898K, capacity 993K, committed 1024K, reserved 1048576K
}
Event: 1.202 GC heap after
{Heap after GC invocations=1 (full 0):
 garbage-first heap   total 61440K, used 1721K [0x00000000c5200000, 0x0000000100000000)
  region size 1024K, 1 young (1024K), 1 survivors (1024K)
 Metaspace       used 9599K, capacity 9864K, committed 9984K, reserved 1058816K
  class space    used 898K, capacity 993K, committed 1024K, reserved 1048576K
}
Event: 1.666 GC heap before
{Heap before GC invocations=1 (full 0):
 garbage-first heap   total 61440K, used 6841K [0x00000000c5200000, 0x0000000100000000)
  region size 1024K, 6 young (6144K), 1 survivors (1024K)
 Metaspace       used 11531K, capacity 11923K, committed 12032K, reserved 1060864K
  class space    used 1113K, capacity 1238K, committed 1280K, reserved 1048576K
}
Event: 1.672 GC heap after
{Heap after GC invocations=2 (full 0):
 garbage-first heap   total 61440K, used 2696K [0x00000000c5200000, 0x0000000100000000)
  region size 1024K, 1 young (1024K), 1 survivors (1024K)
 Metaspace       used 11531K, capacity 11923K, committed 12032K, reserved 1060864K
  class space    used 1113K, capacity 1238K, committed 1280K, reserved 1048576K
}

Deoptimization events (20 events):
Event: 0.991 Thread 0x000001e55ee49000 DEOPT PACKING pc=0x000001e5692ec4d0 sp=0x000000be392fb5b0
Event: 0.991 Thread 0x000001e55ee49000 DEOPT UNPACKING pc=0x000001e568d7a93f sp=0x000000be392faa38 mode 0
Event: 1.026 Thread 0x000001e55ee49000 DEOPT PACKING pc=0x000001e5692f917f sp=0x000000be392fce30
Event: 1.026 Thread 0x000001e55ee49000 DEOPT UNPACKING pc=0x000001e568d7a93f sp=0x000000be392fc280 mode 0
Event: 1.166 Thread 0x000001e57c892800 Uncommon trap: trap_request=0xffffff4d fr.pc=0x000001e570819268 relative=0x0000000000000228
Event: 1.166 Thread 0x000001e57c892800 Uncommon trap: reason=unstable_if action=reinterpret pc=0x000001e570819268 method=java.lang.String.startsWith(Ljava/lang/String;I)Z @ 14 c2
Event: 1.166 Thread 0x000001e57c892800 DEOPT PACKING pc=0x000001e570819268 sp=0x000000be39cfe660
Event: 1.166 Thread 0x000001e57c892800 DEOPT UNPACKING pc=0x000001e568d7a1a9 sp=0x000000be39cfe5c8 mode 2
Event: 1.378 Thread 0x000001e55ee49000 Uncommon trap: trap_request=0xffffffde fr.pc=0x000001e57081f3d8 relative=0x0000000000000758
Event: 1.378 Thread 0x000001e55ee49000 Uncommon trap: reason=class_check action=maybe_recompile pc=0x000001e57081f3d8 method=java.util.HashMap.putVal(ILjava/lang/Object;Ljava/lang/Object;ZZ)Ljava/lang/Object; @ 253 c2
Event: 1.378 Thread 0x000001e55ee49000 DEOPT PACKING pc=0x000001e57081f3d8 sp=0x000000be392fda00
Event: 1.378 Thread 0x000001e55ee49000 DEOPT UNPACKING pc=0x000001e568d7a1a9 sp=0x000000be392fd990 mode 2
Event: 1.378 Thread 0x000001e55ee49000 Uncommon trap: trap_request=0xffffff4d fr.pc=0x000001e57081f964 relative=0x0000000000000ce4
Event: 1.378 Thread 0x000001e55ee49000 Uncommon trap: reason=unstable_if action=reinterpret pc=0x000001e57081f964 method=java.util.HashMap.putVal(ILjava/lang/Object;Ljava/lang/Object;ZZ)Ljava/lang/Object; @ 181 c2
Event: 1.378 Thread 0x000001e55ee49000 DEOPT PACKING pc=0x000001e57081f964 sp=0x000000be392fb7a0
Event: 1.378 Thread 0x000001e55ee49000 DEOPT UNPACKING pc=0x000001e568d7a1a9 sp=0x000000be392fb730 mode 2
Event: 1.716 Thread 0x000001e55ee49000 Uncommon trap: trap_request=0xffffff4d fr.pc=0x000001e57082eec8 relative=0x0000000000000348
Event: 1.716 Thread 0x000001e55ee49000 Uncommon trap: reason=unstable_if action=reinterpret pc=0x000001e57082eec8 method=jdk.internal.org.objectweb.asm.Type.getArgumentsAndReturnSizes(Ljava/lang/String;)I @ 88 c2
Event: 1.716 Thread 0x000001e55ee49000 DEOPT PACKING pc=0x000001e57082eec8 sp=0x000000be392fd1c0
Event: 1.716 Thread 0x000001e55ee49000 DEOPT UNPACKING pc=0x000001e568d7a1a9 sp=0x000000be392fd148 mode 2

Classes redefined (0 events):
No events

Internal exceptions (18 events):
Event: 0.766 Thread 0x000001e55ee49000 Exception <a 'java/lang/NoSuchMethodError'{0x00000000c8bc3d88}: 'java.lang.Object java.lang.invoke.DirectMethodHandle$Holder.invokeStaticInit(java.lang.Object, int)'> (0x00000000c8bc3d88) thrown at [s\src\hotspot\share\interpreter\linkResolver.cpp, line 773]
Event: 0.970 Thread 0x000001e55ee49000 Exception <a 'java/lang/NoSuchMethodError'{0x00000000c89f61e0}: 'int java.lang.invoke.DirectMethodHandle$Holder.invokeVirtual(java.lang.Object, java.lang.Object)'> (0x00000000c89f61e0) thrown at [s\src\hotspot\share\interpreter\linkResolver.cpp, line 773]
Event: 1.000 Thread 0x000001e55ee49000 Exception <a 'java/lang/NoSuchMethodError'{0x00000000c8881810}: 'int java.lang.invoke.DirectMethodHandle$Holder.invokeSpecialIFC(java.lang.Object, java.lang.Object, java.lang.Object, java.lang.Object)'> (0x00000000c8881810) thrown at [s\src\hotspot\share\interpreter\linkResolver.cpp, line 773]
Event: 1.085 Thread 0x000001e55ee49000 Exception <a 'java/lang/NoSuchMethodError'{0x00000000c8711588}: 'void java.lang.invoke.DirectMethodHandle$Holder.invokeInterface(java.lang.Object, java.lang.Object)'> (0x00000000c8711588) thrown at [s\src\hotspot\share\interpreter\linkResolver.cpp, line 773]
Event: 1.086 Thread 0x000001e55ee49000 Exception <a 'java/lang/IncompatibleClassChangeError'{0x00000000c8714490}: Found class java.lang.Object, but interface was expected> (0x00000000c8714490) thrown at [s\src\hotspot\share\interpreter\linkResolver.cpp, line 839]
Event: 1.116 Thread 0x000001e55ee49000 Exception <a 'java/lang/NoSuchMethodError'{0x00000000c87a9ab8}: 'java.lang.Object java.lang.invoke.DirectMethodHandle$Holder.invokeStaticInit(java.lang.Object, java.lang.Object, java.lang.Object)'> (0x00000000c87a9ab8) thrown at [s\src\hotspot\share\interpreter\linkResolver.cpp, line 773]
Event: 1.118 Thread 0x000001e55ee49000 Exception <a 'java/lang/NoSuchMethodError'{0x00000000c87b0de0}: 'void java.lang.invoke.DirectMethodHandle$Holder.invokeStaticInit(java.lang.Object, java.lang.Object, java.lang.Object)'> (0x00000000c87b0de0) thrown at [s\src\hotspot\share\interpreter\linkResolver.cpp, line 773]
Event: 1.458 Thread 0x000001e55ee49000 Exception <a 'java/lang/NoSuchMethodError'{0x00000000c8be8c88}: 'java.lang.Object java.lang.invoke.DirectMethodHandle$Holder.invokeSpecialIFC(java.lang.Object, java.lang.Object, java.lang.Object, java.lang.Object)'> (0x00000000c8be8c88) thrown at [s\src\hotspot\share\interpreter\linkResolver.cpp, line 773]
Event: 1.516 Thread 0x000001e55ee49000 Exception <a 'java/lang/NoSuchMethodError'{0x00000000c8a8ced8}: 'java.lang.Object java.lang.invoke.Invokers$Holder.linkToTargetMethod(java.lang.Object, java.lang.Object, java.lang.Object, java.lang.Object, java.lang.Object, java.lang.Object)'> (0x00000000c8a8ced8) thrown at [s\src\hotspot\share\interpreter\linkResolver.cpp, line 773]
Event: 1.561 Thread 0x000001e55ee49000 Exception <a 'java/lang/IncompatibleClassChangeError'{0x00000000c8aced80}: Found class java.lang.Object, but interface was expected> (0x00000000c8aced80) thrown at [s\src\hotspot\share\interpreter\linkResolver.cpp, line 839]
Event: 1.592 Thread 0x000001e55ee49000 Exception <a 'java/lang/IncompatibleClassChangeError'{0x00000000c89171a0}: Found class java.lang.Object, but interface was expected> (0x00000000c89171a0) thrown at [s\src\hotspot\share\interpreter\linkResolver.cpp, line 839]
Event: 1.606 Thread 0x000001e55ee49000 Exception <a 'java/lang/NoSuchMethodError'{0x00000000c893d390}: 'void java.lang.invoke.DirectMethodHandle$Holder.invokeSpecial(java.lang.Object, java.lang.Object, java.lang.Object, java.lang.Object, java.lang.Object)'> (0x00000000c893d390) thrown at [s\src\hotspot\share\interpreter\linkResolver.cpp, line 773]
Event: 1.631 Thread 0x000001e55ee49000 Exception <a 'java/lang/NoSuchMethodError'{0x00000000c899f210}: 'void java.lang.invoke.DirectMethodHandle$Holder.invokeInterface(java.lang.Object, java.lang.Object, java.lang.Object, java.lang.Object)'> (0x00000000c899f210) thrown at [s\src\hotspot\share\interpreter\linkResolver.cpp, line 773]
Event: 1.631 Thread 0x000001e55ee49000 Exception <a 'java/lang/IncompatibleClassChangeError'{0x00000000c89a1fd0}: Found class java.lang.Object, but interface was expected> (0x00000000c89a1fd0) thrown at [s\src\hotspot\share\interpreter\linkResolver.cpp, line 839]
Event: 1.635 Thread 0x000001e55ee49000 Exception <a 'java/lang/NoSuchMethodError'{0x00000000c89b7da8}: 'void java.lang.invoke.DirectMethodHandle$Holder.invokeStatic(java.lang.Object, java.lang.Object, java.lang.Object, java.lang.Object)'> (0x00000000c89b7da8) thrown at [s\src\hotspot\share\interpreter\linkResolver.cpp, line 773]
Event: 1.639 Thread 0x000001e55ee49000 Exception <a 'java/lang/NoSuchMethodError'{0x00000000c89c3658}: 'java.lang.Object java.lang.invoke.DirectMethodHandle$Holder.invokeVirtual(java.lang.Object, java.lang.Object, java.lang.Object)'> (0x00000000c89c3658) thrown at [s\src\hotspot\share\interpreter\linkResolver.cpp, line 773]
Event: 1.649 Thread 0x000001e55ee49000 Exception <a 'java/lang/NoSuchMethodError'{0x00000000c89d6950}: 'java.lang.Object java.lang.invoke.Invokers$Holder.linkToTargetMethod(java.lang.Object, int, java.lang.Object)'> (0x00000000c89d6950) thrown at [s\src\hotspot\share\interpreter\linkResolver.cpp, line 773]
Event: 1.718 Thread 0x000001e55ee49000 Exception <a 'java/lang/NoSuchMethodError'{0x00000000c8d86f10}: 'int java.lang.invoke.DirectMethodHandle$Holder.invokeStatic(java.lang.Object, java.lang.Object, java.lang.Object, java.lang.Object, java.lang.Object)'> (0x00000000c8d86f10) thrown at [s\src\hotspot\share\interpreter\linkResolver.cpp, line 773]

Events (20 events):
Event: 1.704 loading class org/junit/platform/engine/support/hierarchical/ThrowableCollector$Factory
Event: 1.704 loading class org/junit/platform/engine/support/hierarchical/ThrowableCollector$Factory done
Event: 1.706 loading class org/junit/platform/engine/support/hierarchical/HierarchicalTestExecutor
Event: 1.706 loading class org/junit/platform/engine/support/hierarchical/HierarchicalTestExecutor done
Event: 1.707 loading class org/junit/platform/engine/support/hierarchical/HierarchicalTestExecutorService$TestTask
Event: 1.707 loading class org/junit/platform/engine/support/hierarchical/HierarchicalTestExecutorService$TestTask done
Event: 1.708 loading class org/junit/platform/engine/support/hierarchical/NodeTreeWalker
Event: 1.708 loading class org/junit/platform/engine/support/hierarchical/NodeTreeWalker done
Event: 1.709 loading class org/junit/platform/engine/support/hierarchical/LockManager
Event: 1.709 loading class org/junit/platform/engine/support/hierarchical/LockManager done
Event: 1.711 loading class java/util/concurrent/locks/ReadWriteLock
Event: 1.711 loading class java/util/concurrent/locks/ReadWriteLock done
Event: 1.711 loading class org/junit/platform/engine/support/hierarchical/ResourceLock
Event: 1.711 loading class org/junit/platform/engine/support/hierarchical/ResourceLock done
Event: 1.712 loading class org/junit/platform/engine/support/hierarchical/ExclusiveResource
Event: 1.712 loading class org/junit/platform/engine/support/hierarchical/ExclusiveResource done
Event: 1.713 loading class org/junit/platform/engine/support/hierarchical/ExclusiveResource
Event: 1.713 loading class org/junit/platform/engine/support/hierarchical/ExclusiveResource done
Event: 1.716 loading class java/util/Comparators$NaturalOrderComparator
Event: 1.716 loading class java/util/Comparators$NaturalOrderComparator done


Dynamic libraries:
0x00007ff7fdab0000 - 0x00007ff7fdabd000 	C:\Users\1\.jdks\corretto-11.0.20\bin\java.exe
0x00007ffc2eff0000 - 0x00007ffc2f1e8000 	C:\WINDOWS\SYSTEM32\ntdll.dll
0x00007ffc2e380000 - 0x00007ffc2e43d000 	C:\WINDOWS\System32\KERNEL32.DLL
0x00007ffc2c8f0000 - 0x00007ffc2cbe6000 	C:\WINDOWS\System32\KERNELBASE.dll
0x00007ffc2c6d0000 - 0x00007ffc2c7d0000 	C:\WINDOWS\System32\ucrtbase.dll
0x00007ffc25a10000 - 0x00007ffc25a27000 	C:\Users\1\.jdks\corretto-11.0.20\bin\jli.dll
0x00007ffc2d1d0000 - 0x00007ffc2d36e000 	C:\WINDOWS\System32\USER32.dll
0x00007ffc2cec0000 - 0x00007ffc2cee2000 	C:\WINDOWS\System32\win32u.dll
0x00007ffc2d050000 - 0x00007ffc2d07c000 	C:\WINDOWS\System32\GDI32.dll
0x00007ffc2c7d0000 - 0x00007ffc2c8ea000 	C:\WINDOWS\System32\gdi32full.dll
0x00007ffc2ccf0000 - 0x00007ffc2cd8d000 	C:\WINDOWS\System32\msvcp_win.dll
0x00007ffc249b0000 - 0x00007ffc249c9000 	C:\Users\1\.jdks\corretto-11.0.20\bin\VCRUNTIME140.dll
0x00007ffc1f1c0000 - 0x00007ffc1f45a000 	C:\WINDOWS\WinSxS\amd64_microsoft.windows.common-controls_6595b64144ccf1df_6.0.19041.1110_none_60b5254171f9507e\COMCTL32.dll
0x00007ffc2dfb0000 - 0x00007ffc2e04e000 	C:\WINDOWS\System32\msvcrt.dll
0x00007ffc2e050000 - 0x00007ffc2e080000 	C:\WINDOWS\System32\IMM32.DLL
0x00007ffc2c430000 - 0x00007ffc2c460000 	C:\WINDOWS\system32\DriverStore\FileRepository\nvacwu.inf_amd64_bdd6ea477d4e2fba\nvinitx.dll
0x00007ffc2d7e0000 - 0x00007ffc2d88e000 	C:\WINDOWS\System32\ADVAPI32.dll
0x00007ffc2d130000 - 0x00007ffc2d1cc000 	C:\WINDOWS\System32\sechost.dll
0x00007ffc2ee60000 - 0x00007ffc2ef86000 	C:\WINDOWS\System32\RPCRT4.dll
0x00007ffc2c420000 - 0x00007ffc2c42a000 	C:\WINDOWS\SYSTEM32\VERSION.dll
0x00007ffc2e440000 - 0x00007ffc2eb85000 	C:\WINDOWS\System32\Shell32.dll
0x00007ffc2a720000 - 0x00007ffc2aebb000 	C:\WINDOWS\SYSTEM32\windows.storage.dll
0x00007ffc2dc50000 - 0x00007ffc2dfa4000 	C:\WINDOWS\System32\combase.dll
0x00007ffc2c000000 - 0x00007ffc2c02e000 	C:\WINDOWS\SYSTEM32\Wldp.dll
0x00007ffc2db20000 - 0x00007ffc2dbcd000 	C:\WINDOWS\System32\SHCORE.dll
0x00007ffc2ecb0000 - 0x00007ffc2ed05000 	C:\WINDOWS\System32\shlwapi.dll
0x000000006e8f0000 - 0x000000006e8f6000 	C:\Program Files\NVIDIA Corporation\CoProcManager\_etoured.dll
0x00007ffc20470000 - 0x00007ffc204ab000 	C:\Program Files\NVIDIA Corporation\CoProcManager\nvd3d9wrapx.dll
0x00007ffc2d370000 - 0x00007ffc2d7de000 	C:\WINDOWS\System32\SETUPAPI.dll
0x00007ffc2cca0000 - 0x00007ffc2ccee000 	C:\WINDOWS\System32\cfgmgr32.dll
0x00007ffc2ce90000 - 0x00007ffc2ceb7000 	C:\WINDOWS\System32\bcrypt.dll
0x00007ffc22b60000 - 0x00007ffc22b84000 	C:\Program Files\NVIDIA Corporation\CoProcManager\nvdxgiwrapx.dll
0x00007ffc18c30000 - 0x00007ffc18ccb000 	C:\Users\1\.jdks\corretto-11.0.20\bin\msvcp140.dll
0x00007ffbea2f0000 - 0x00007ffbeae7b000 	C:\Users\1\.jdks\corretto-11.0.20\bin\server\jvm.dll
0x00007ffc2e080000 - 0x00007ffc2e088000 	C:\WINDOWS\System32\PSAPI.DLL
0x00007ffc28050000 - 0x00007ffc28059000 	C:\WINDOWS\SYSTEM32\WSOCK32.dll
0x00007ffc2dbd0000 - 0x00007ffc2dc3b000 	C:\WINDOWS\System32\WS2_32.dll
0x00007ffc1f0c0000 - 0x00007ffc1f0e7000 	C:\WINDOWS\SYSTEM32\WINMM.dll
0x00007ffc2a440000 - 0x00007ffc2a452000 	C:\WINDOWS\SYSTEM32\kernel.appcore.dll
0x00007ffc28300000 - 0x00007ffc28310000 	C:\Users\1\.jdks\corretto-11.0.20\bin\verify.dll
0x00007ffc264c0000 - 0x00007ffc266a4000 	C:\WINDOWS\SYSTEM32\DBGHELP.DLL
0x00007ffc25e60000 - 0x00007ffc25e94000 	C:\WINDOWS\SYSTEM32\dbgcore.DLL
0x00007ffc2cd90000 - 0x00007ffc2ce12000 	C:\WINDOWS\System32\bcryptPrimitives.dll
0x00007ffc1dbb0000 - 0x00007ffc1dbd8000 	C:\Users\1\.jdks\corretto-11.0.20\bin\java.dll
0x00007ffc27820000 - 0x00007ffc2782a000 	C:\Users\1\.jdks\corretto-11.0.20\bin\jimage.dll
0x00007ffc221b0000 - 0x00007ffc221be000 	C:\Users\1\.jdks\corretto-11.0.20\bin\instrument.dll
0x00007ffc20fc0000 - 0x00007ffc20fd8000 	C:\Users\1\.jdks\corretto-11.0.20\bin\zip.dll
0x00007ffc2c600000 - 0x00007ffc2c625000 	C:\WINDOWS\SYSTEM32\profapi.dll
0x00007ffc19360000 - 0x00007ffc19379000 	C:\Users\1\.jdks\corretto-11.0.20\bin\net.dll
0x00007ffc25240000 - 0x00007ffc2534a000 	C:\WINDOWS\SYSTEM32\WINHTTP.dll
0x00007ffc2bd60000 - 0x00007ffc2bdca000 	C:\WINDOWS\system32\mswsock.dll
0x00007ffc19340000 - 0x00007ffc19353000 	C:\Users\1\.jdks\corretto-11.0.20\bin\nio.dll
0x00007ffc21000000 - 0x00007ffc2101a000 	C:\Program Files\JetBrains\IntelliJ IDEA Community Edition 2023.2\bin\breakgen64.dll

dbghelp: loaded successfully - version: 4.0.5 - missing functions: none
symbol engine: initialized successfully - sym options: 0x614 - pdb path: .;C:\Users\1\.jdks\corretto-11.0.20\bin;C:\WINDOWS\SYSTEM32;C:\WINDOWS\WinSxS\amd64_microsoft.windows.common-controls_6595b64144ccf1df_6.0.19041.1110_none_60b5254171f9507e;C:\WINDOWS\system32\DriverStore\FileRepository\nvacwu.inf_amd64_bdd6ea477d4e2fba;C:\Program Files\NVIDIA Corporation\CoProcManager;C:\Users\1\.jdks\corretto-11.0.20\bin\server;C:\Program Files\JetBrains\IntelliJ IDEA Community Edition 2023.2\bin

VM Arguments:
jvm_args: -ea -Didea.test.cyclic.buffer.size=1048576 -javaagent:C:\Program Files\JetBrains\IntelliJ IDEA Community Edition 2023.2\lib\idea_rt.jar=51460:C:\Program Files\JetBrains\IntelliJ IDEA Community Edition 2023.2\bin -Dfile.encoding=UTF-8 
java_command: com.intellij.rt.junit.JUnitStarter -ideVersion5 -junit5 Task.TaskTest
java_class_path (initial): C:\Users\1\.m2\repository\org\junit\platform\junit-platform-launcher\1.7.0\junit-platform-launcher-1.7.0.jar;C:\Program Files\JetBrains\IntelliJ IDEA Community Edition 2023.2\lib\idea_rt.jar;C:\Program Files\JetBrains\IntelliJ IDEA Community Edition 2023.2\plugins\junit\lib\junit5-rt.jar;C:\Program Files\JetBrains\IntelliJ IDEA Community Edition 2023.2\plugins\junit\lib\junit-rt.jar;C:\Users\1\Java\Java13_1\target\test-classes;C:\Users\1\Java\Java13_1\target\classes;C:\Users\1\.m2\repository\org\junit\jupiter\junit-jupiter\5.7.0\junit-jupiter-5.7.0.jar;C:\Users\1\.m2\repository\org\junit\jupiter\junit-jupiter-api\5.7.0\junit-jupiter-api-5.7.0.jar;C:\Users\1\.m2\repository\org\apiguardian\apiguardian-api\1.1.0\apiguardian-api-1.1.0.jar;C:\Users\1\.m2\repository\org\opentest4j\opentest4j\1.2.0\opentest4j-1.2.0.jar;C:\Users\1\.m2\repository\org\junit\platform\junit-platform-commons\1.7.0\junit-platform-commons-1.7.0.jar;C:\Users\1\.m2\repository\org\junit\jupiter\junit-jupiter-params\5.7.0\junit-jupiter-params-5.7.0.jar;C:\Users\1\.m2\repository\org\junit\jupiter\junit-jupiter-engine\5.7.0\junit-jupiter-engine-5.7.0.jar;C:\Users\1\.m2\repository\org\junit\platform\junit-platform-engine\1.7.0\junit-platform-engine-1.7.0.jar
Launcher Type: SUN_STANDARD

[Global flags]
     intx CICompilerCount                          = 2                                         {product} {ergonomic}
     uint ConcGCThreads                            = 1                                         {product} {ergonomic}
     uint G1ConcRefinementThreads                  = 2                                         {product} {ergonomic}
   size_t G1HeapRegionSize                         = 1048576                                   {product} {ergonomic}
    uintx GCDrainStackTargetSize                   = 64                                        {product} {ergonomic}
   size_t InitialHeapSize                          = 62914560                                  {product} {ergonomic}
   size_t MarkStackSize                            = 4194304                                   {product} {ergonomic}
   size_t MaxHeapSize                              = 987758592                                 {product} {ergonomic}
   size_t MaxNewSize                               = 592445440                                 {product} {ergonomic}
   size_t MinHeapDeltaBytes                        = 1048576                                   {product} {ergonomic}
    uintx NonNMethodCodeHeapSize                   = 5825164                                {pd product} {ergonomic}
    uintx NonProfiledCodeHeapSize                  = 122916538                              {pd product} {ergonomic}
    uintx ProfiledCodeHeapSize                     = 122916538                              {pd product} {ergonomic}
    uintx ReservedCodeCacheSize                    = 251658240                              {pd product} {ergonomic}
     bool SegmentedCodeCache                       = true                                      {product} {ergonomic}
     bool UseCompressedClassPointers               = true                                 {lp64_product} {ergonomic}
     bool UseCompressedOops                        = true                                 {lp64_product} {ergonomic}
     bool UseG1GC                                  = true                                      {product} {ergonomic}
     bool UseLargePagesIndividualAllocation        = false                                  {pd product} {ergonomic}

Logging:
Log output configuration:
 #0: stdout all=warning uptime,level,tags
 #1: stderr all=off uptime,level,tags

Environment Variables:
PATH=C:\Program Files\Eclipse Adoptium\jdk-11.0.19.7-hotspot\bin;C:\WINDOWS\system32;C:\WINDOWS;C:\WINDOWS\System32\Wbem;C:\WINDOWS\System32\WindowsPowerShell\v1.0\;C:\WINDOWS\System32\OpenSSH\;C:\Program Files\Git\cmd;C:\Users\1\AppData\Local\Microsoft\WindowsApps;;C:\Users\1\AppData\Local\Programs\Microsoft VS Code\bin
USERNAME=1
OS=Windows_NT
PROCESSOR_IDENTIFIER=Intel64 Family 6 Model 37 Stepping 5, GenuineIntel
TMP=C:\Users\1\AppData\Local\Temp
TEMP=C:\Users\1\AppData\Local\Temp



---------------  S Y S T E M  ---------------

OS: Windows 10 , 64 bit Build 19041 (10.0.19041.3393)
OS uptime: 0 days 4:53 hours

CPU:total 2 (initial active 2) (2 cores per cpu, 1 threads per core) family 6 model 37 stepping 5 microcode 0x7, cmov, cx8, fxsr, mmx, sse, sse2, sse3, ssse3, popcnt, tsc, tscinvbit

Memory: 4k page, system-wide physical 3766M (697M free)
TotalPageFile size 5814M (AvailPageFile size 4M)
current process WorkingSet (physical memory assigned to process): 58M, peak: 58M
current process commit charge ("private bytes"): 136M, peak: 137M

vm_info: OpenJDK 64-Bit Server VM (11.0.20+8-LTS) for windows-amd64 JRE (11.0.20+8-LTS), built on Jul 11 2023 19:58:45 by "Administrator" with MS VC++ 15.9 (VS2017)

END.
