#
# There is insufficient memory for the Java Runtime Environment to continue.
# Native memory allocation (malloc) failed to allocate 32744 bytes for ChunkPool::allocate
# Possible reasons:
#   The system is out of physical RAM or swap space
#   The process is running with CompressedOops enabled, and the Java Heap may be blocking the growth of the native heap
# Possible solutions:
#   Reduce memory load on the system
#   Increase physical memory or swap space
#   Check if swap backing store is full
#   Decrease Java heap size (-Xmx/-Xms)
#   Decrease number of Java threads
#   Decrease Java thread stack sizes (-Xss)
#   Set larger code cache with -XX:ReservedCodeCacheSize=
#   JVM is running with Unscaled Compressed Oops mode in which the Java heap is
#     placed in the first 4GB address space. The Java Heap base address is the
#     maximum limit for the native heap growth. Please use -XX:HeapBaseMinAddress
#     to set the Java Heap base and to place the Java Heap above 4GB virtual address.
# This output file may be truncated or incomplete.
#
#  Out of Memory Error (arena.cpp:81), pid=904, tid=7552
#
# JRE version: OpenJDK Runtime Environment Corretto-11.0.20.8.1 (11.0.20+8) (build 11.0.20+8-LTS)
# Java VM: OpenJDK 64-Bit Server VM Corretto-11.0.20.8.1 (11.0.20+8-LTS, mixed mode, tiered, compressed oops, g1 gc, windows-amd64)
# No core dump will be written. Minidumps are not enabled by default on client versions of Windows
#

---------------  S U M M A R Y ------------

Command Line: -ea -Didea.test.cyclic.buffer.size=1048576 -javaagent:C:\Program Files\JetBrains\IntelliJ IDEA Community Edition 2023.2\lib\idea_rt.jar=51454:C:\Program Files\JetBrains\IntelliJ IDEA Community Edition 2023.2\bin -Dfile.encoding=UTF-8 com.intellij.rt.junit.JUnitStarter -ideVersion5 -junit5 Task.TaskTest

Host: Intel(R) Pentium(R) CPU        P6200  @ 2.13GHz, 2 cores, 3G,  Windows 10 , 64 bit Build 19041 (10.0.19041.3393)
Time: Fri Sep 15 16:12:32 2023 RTZ 2 (s 10 , 64 bit Build 19041 (10.0.19041.3393) elapsed time: 0.757894 seconds (0d 0h 0m 0s)

---------------  T H R E A D  ---------------

Current thread (0x0000013a3c8ee800):  JavaThread "C2 CompilerThread0" daemon [_thread_in_native, id=7552, stack(0x00000035b2d00000,0x00000035b2e00000)]


Current CompileTask:
C2:    758  556       4       java.lang.String::startsWith (138 bytes)

Stack: [0x00000035b2d00000,0x00000035b2e00000]
Native frames: (J=compiled Java code, j=interpreted, Vv=VM code, C=native code)
V  [jvm.dll+0x62418a]
V  [jvm.dll+0x7b1d69]
V  [jvm.dll+0x7b3458]
V  [jvm.dll+0x7b3b33]
V  [jvm.dll+0x250148]
V  [jvm.dll+0xc28ab]
V  [jvm.dll+0xc2c0c]
V  [jvm.dll+0xc275b]
V  [jvm.dll+0x601a8f]
V  [jvm.dll+0x655304]
V  [jvm.dll+0x19f0bd]
V  [jvm.dll+0x209685]
V  [jvm.dll+0x2086fd]
V  [jvm.dll+0x18a6b1]
V  [jvm.dll+0x217da4]
V  [jvm.dll+0x215feb]
V  [jvm.dll+0x774840]
V  [jvm.dll+0x76d634]
V  [jvm.dll+0x622ff5]
C  [ucrtbase.dll+0x21bb2]
C  [KERNEL32.DLL+0x17344]
C  [ntdll.dll+0x526b1]


---------------  P R O C E S S  ---------------

Threads class SMR info:
_java_thread_list=0x0000013a3d44ec90, length=11, elements={
0x0000013a20e37800, 0x0000013a3c8dd800, 0x0000013a3c8cd000, 0x0000013a3c8d8000,
0x0000013a3c8db000, 0x0000013a3c8e9000, 0x0000013a3c8ee800, 0x0000013a3c8f9000,
0x0000013a3c8fc000, 0x0000013a3c860000, 0x0000013a3d53c800
}

Java Threads: ( => current thread )
  0x0000013a20e37800 JavaThread "main" [_thread_in_vm, id=8144, stack(0x00000035b2100000,0x00000035b2200000)]
  0x0000013a3c8dd800 JavaThread "Reference Handler" daemon [_thread_blocked, id=10100, stack(0x00000035b2800000,0x00000035b2900000)]
  0x0000013a3c8cd000 JavaThread "Finalizer" daemon [_thread_blocked, id=7120, stack(0x00000035b2900000,0x00000035b2a00000)]
  0x0000013a3c8d8000 JavaThread "Signal Dispatcher" daemon [_thread_blocked, id=8136, stack(0x00000035b2a00000,0x00000035b2b00000)]
  0x0000013a3c8db000 JavaThread "Attach Listener" daemon [_thread_blocked, id=4044, stack(0x00000035b2b00000,0x00000035b2c00000)]
  0x0000013a3c8e9000 JavaThread "Service Thread" daemon [_thread_blocked, id=9204, stack(0x00000035b2c00000,0x00000035b2d00000)]
=>0x0000013a3c8ee800 JavaThread "C2 CompilerThread0" daemon [_thread_in_native, id=7552, stack(0x00000035b2d00000,0x00000035b2e00000)]
  0x0000013a3c8f9000 JavaThread "C1 CompilerThread0" daemon [_thread_in_native, id=2848, stack(0x00000035b2e00000,0x00000035b2f00000)]
  0x0000013a3c8fc000 JavaThread "Sweeper thread" daemon [_thread_blocked, id=3108, stack(0x00000035b2f00000,0x00000035b3000000)]
  0x0000013a3c860000 JavaThread "Common-Cleaner" daemon [_thread_blocked, id=9276, stack(0x00000035b3000000,0x00000035b3100000)]
  0x0000013a3d53c800 JavaThread "Monitor Ctrl-Break" daemon [_thread_in_native, id=6436, stack(0x00000035b3100000,0x00000035b3200000)]

Other Threads:
  0x0000013a3c8a5000 VMThread "VM Thread" [stack: 0x00000035b2700000,0x00000035b2800000] [id=6228]
  0x0000013a3d53d000 WatcherThread [stack: 0x00000035b3200000,0x00000035b3300000] [id=2012]
  0x0000013a20e4e000 GCTaskThread "GC Thread#0" [stack: 0x00000035b2200000,0x00000035b2300000] [id=8948]
  0x0000013a20e66000 ConcurrentGCThread "G1 Main Marker" [stack: 0x00000035b2300000,0x00000035b2400000] [id=2124]
  0x0000013a20e67800 ConcurrentGCThread "G1 Conc#0" [stack: 0x00000035b2400000,0x00000035b2500000] [id=6660]
  0x0000013a3c710800 ConcurrentGCThread "G1 Refine#0" [stack: 0x00000035b2500000,0x00000035b2600000] [id=5524]
  0x0000013a3c711800 ConcurrentGCThread "G1 Young RemSet Sampling" [stack: 0x00000035b2600000,0x00000035b2700000] [id=6768]

Threads with active compile tasks:
C2 CompilerThread0      807  556       4       java.lang.String::startsWith (138 bytes)
C1 CompilerThread0      807  555       3       java.net.URLStreamHandler::parseURL (1201 bytes)

VM state:not at safepoint (normal execution)

VM Mutex/Monitor currently owned by a thread: None

Heap address: 0x00000000c5200000, size: 942 MB, Compressed Oops mode: 32-bit
Narrow klass base: 0x0000000000000000, Narrow klass shift: 3
Compressed class space size: 1073741824 Address: 0x0000000100000000

Heap:
 garbage-first heap   total 61440K, used 6144K [0x00000000c5200000, 0x0000000100000000)
  region size 1024K, 7 young (7168K), 0 survivors (0K)
 Metaspace       used 9305K, capacity 9558K, committed 9728K, reserved 1058816K
  class space    used 867K, capacity 954K, committed 1024K, reserved 1048576K
Heap Regions: E=young(eden), S=young(survivor), O=old, HS=humongous(starts), HC=humongous(continues), CS=collection set, F=free, A=archive, TAMS=top-at-mark-start (previous, next)
|   0|0x00000000c5200000, 0x00000000c5200000, 0x00000000c5300000|  0%| F|  |TAMS 0x00000000c5200000, 0x00000000c5200000| Untracked 
|   1|0x00000000c5300000, 0x00000000c5300000, 0x00000000c5400000|  0%| F|  |TAMS 0x00000000c5300000, 0x00000000c5300000| Untracked 
|   2|0x00000000c5400000, 0x00000000c5400000, 0x00000000c5500000|  0%| F|  |TAMS 0x00000000c5400000, 0x00000000c5400000| Untracked 
|   3|0x00000000c5500000, 0x00000000c5500000, 0x00000000c5600000|  0%| F|  |TAMS 0x00000000c5500000, 0x00000000c5500000| Untracked 
|   4|0x00000000c5600000, 0x00000000c5600000, 0x00000000c5700000|  0%| F|  |TAMS 0x00000000c5600000, 0x00000000c5600000| Untracked 
|   5|0x00000000c5700000, 0x00000000c5700000, 0x00000000c5800000|  0%| F|  |TAMS 0x00000000c5700000, 0x00000000c5700000| Untracked 
|   6|0x00000000c5800000, 0x00000000c5800000, 0x00000000c5900000|  0%| F|  |TAMS 0x00000000c5800000, 0x00000000c5800000| Untracked 
|   7|0x00000000c5900000, 0x00000000c5900000, 0x00000000c5a00000|  0%| F|  |TAMS 0x00000000c5900000, 0x00000000c5900000| Untracked 
|   8|0x00000000c5a00000, 0x00000000c5a00000, 0x00000000c5b00000|  0%| F|  |TAMS 0x00000000c5a00000, 0x00000000c5a00000| Untracked 
|   9|0x00000000c5b00000, 0x00000000c5b00000, 0x00000000c5c00000|  0%| F|  |TAMS 0x00000000c5b00000, 0x00000000c5b00000| Untracked 
|  10|0x00000000c5c00000, 0x00000000c5c00000, 0x00000000c5d00000|  0%| F|  |TAMS 0x00000000c5c00000, 0x00000000c5c00000| Untracked 
|  11|0x00000000c5d00000, 0x00000000c5d00000, 0x00000000c5e00000|  0%| F|  |TAMS 0x00000000c5d00000, 0x00000000c5d00000| Untracked 
|  12|0x00000000c5e00000, 0x00000000c5e00000, 0x00000000c5f00000|  0%| F|  |TAMS 0x00000000c5e00000, 0x00000000c5e00000| Untracked 
|  13|0x00000000c5f00000, 0x00000000c5f00000, 0x00000000c6000000|  0%| F|  |TAMS 0x00000000c5f00000, 0x00000000c5f00000| Untracked 
|  14|0x00000000c6000000, 0x00000000c6000000, 0x00000000c6100000|  0%| F|  |TAMS 0x00000000c6000000, 0x00000000c6000000| Untracked 
|  15|0x00000000c6100000, 0x00000000c6100000, 0x00000000c6200000|  0%| F|  |TAMS 0x00000000c6100000, 0x00000000c6100000| Untracked 
|  16|0x00000000c6200000, 0x00000000c6200000, 0x00000000c6300000|  0%| F|  |TAMS 0x00000000c6200000, 0x00000000c6200000| Untracked 
|  17|0x00000000c6300000, 0x00000000c6300000, 0x00000000c6400000|  0%| F|  |TAMS 0x00000000c6300000, 0x00000000c6300000| Untracked 
|  18|0x00000000c6400000, 0x00000000c6400000, 0x00000000c6500000|  0%| F|  |TAMS 0x00000000c6400000, 0x00000000c6400000| Untracked 
|  19|0x00000000c6500000, 0x00000000c6500000, 0x00000000c6600000|  0%| F|  |TAMS 0x00000000c6500000, 0x00000000c6500000| Untracked 
|  20|0x00000000c6600000, 0x00000000c6600000, 0x00000000c6700000|  0%| F|  |TAMS 0x00000000c6600000, 0x00000000c6600000| Untracked 
|  21|0x00000000c6700000, 0x00000000c6700000, 0x00000000c6800000|  0%| F|  |TAMS 0x00000000c6700000, 0x00000000c6700000| Untracked 
|  22|0x00000000c6800000, 0x00000000c6800000, 0x00000000c6900000|  0%| F|  |TAMS 0x00000000c6800000, 0x00000000c6800000| Untracked 
|  23|0x00000000c6900000, 0x00000000c6900000, 0x00000000c6a00000|  0%| F|  |TAMS 0x00000000c6900000, 0x00000000c6900000| Untracked 
|  24|0x00000000c6a00000, 0x00000000c6a00000, 0x00000000c6b00000|  0%| F|  |TAMS 0x00000000c6a00000, 0x00000000c6a00000| Untracked 
|  25|0x00000000c6b00000, 0x00000000c6b00000, 0x00000000c6c00000|  0%| F|  |TAMS 0x00000000c6b00000, 0x00000000c6b00000| Untracked 
|  26|0x00000000c6c00000, 0x00000000c6c00000, 0x00000000c6d00000|  0%| F|  |TAMS 0x00000000c6c00000, 0x00000000c6c00000| Untracked 
|  27|0x00000000c6d00000, 0x00000000c6d00000, 0x00000000c6e00000|  0%| F|  |TAMS 0x00000000c6d00000, 0x00000000c6d00000| Untracked 
|  28|0x00000000c6e00000, 0x00000000c6e00000, 0x00000000c6f00000|  0%| F|  |TAMS 0x00000000c6e00000, 0x00000000c6e00000| Untracked 
|  29|0x00000000c6f00000, 0x00000000c6f00000, 0x00000000c7000000|  0%| F|  |TAMS 0x00000000c6f00000, 0x00000000c6f00000| Untracked 
|  30|0x00000000c7000000, 0x00000000c7000000, 0x00000000c7100000|  0%| F|  |TAMS 0x00000000c7000000, 0x00000000c7000000| Untracked 
|  31|0x00000000c7100000, 0x00000000c7100000, 0x00000000c7200000|  0%| F|  |TAMS 0x00000000c7100000, 0x00000000c7100000| Untracked 
|  32|0x00000000c7200000, 0x00000000c7200000, 0x00000000c7300000|  0%| F|  |TAMS 0x00000000c7200000, 0x00000000c7200000| Untracked 
|  33|0x00000000c7300000, 0x00000000c7300000, 0x00000000c7400000|  0%| F|  |TAMS 0x00000000c7300000, 0x00000000c7300000| Untracked 
|  34|0x00000000c7400000, 0x00000000c7400000, 0x00000000c7500000|  0%| F|  |TAMS 0x00000000c7400000, 0x00000000c7400000| Untracked 
|  35|0x00000000c7500000, 0x00000000c7500000, 0x00000000c7600000|  0%| F|  |TAMS 0x00000000c7500000, 0x00000000c7500000| Untracked 
|  36|0x00000000c7600000, 0x00000000c7600000, 0x00000000c7700000|  0%| F|  |TAMS 0x00000000c7600000, 0x00000000c7600000| Untracked 
|  37|0x00000000c7700000, 0x00000000c7700000, 0x00000000c7800000|  0%| F|  |TAMS 0x00000000c7700000, 0x00000000c7700000| Untracked 
|  38|0x00000000c7800000, 0x00000000c7800000, 0x00000000c7900000|  0%| F|  |TAMS 0x00000000c7800000, 0x00000000c7800000| Untracked 
|  39|0x00000000c7900000, 0x00000000c7900000, 0x00000000c7a00000|  0%| F|  |TAMS 0x00000000c7900000, 0x00000000c7900000| Untracked 
|  40|0x00000000c7a00000, 0x00000000c7a00000, 0x00000000c7b00000|  0%| F|  |TAMS 0x00000000c7a00000, 0x00000000c7a00000| Untracked 
|  41|0x00000000c7b00000, 0x00000000c7b00000, 0x00000000c7c00000|  0%| F|  |TAMS 0x00000000c7b00000, 0x00000000c7b00000| Untracked 
|  42|0x00000000c7c00000, 0x00000000c7c00000, 0x00000000c7d00000|  0%| F|  |TAMS 0x00000000c7c00000, 0x00000000c7c00000| Untracked 
|  43|0x00000000c7d00000, 0x00000000c7d00000, 0x00000000c7e00000|  0%| F|  |TAMS 0x00000000c7d00000, 0x00000000c7d00000| Untracked 
|  44|0x00000000c7e00000, 0x00000000c7e00000, 0x00000000c7f00000|  0%| F|  |TAMS 0x00000000c7e00000, 0x00000000c7e00000| Untracked 
|  45|0x00000000c7f00000, 0x00000000c7f00000, 0x00000000c8000000|  0%| F|  |TAMS 0x00000000c7f00000, 0x00000000c7f00000| Untracked 
|  46|0x00000000c8000000, 0x00000000c8000000, 0x00000000c8100000|  0%| F|  |TAMS 0x00000000c8000000, 0x00000000c8000000| Untracked 
|  47|0x00000000c8100000, 0x00000000c8100000, 0x00000000c8200000|  0%| F|  |TAMS 0x00000000c8100000, 0x00000000c8100000| Untracked 
|  48|0x00000000c8200000, 0x00000000c8200000, 0x00000000c8300000|  0%| F|  |TAMS 0x00000000c8200000, 0x00000000c8200000| Untracked 
|  49|0x00000000c8300000, 0x00000000c8300000, 0x00000000c8400000|  0%| F|  |TAMS 0x00000000c8300000, 0x00000000c8300000| Untracked 
|  50|0x00000000c8400000, 0x00000000c8400000, 0x00000000c8500000|  0%| F|  |TAMS 0x00000000c8400000, 0x00000000c8400000| Untracked 
|  51|0x00000000c8500000, 0x00000000c8500000, 0x00000000c8600000|  0%| F|  |TAMS 0x00000000c8500000, 0x00000000c8500000| Untracked 
|  52|0x00000000c8600000, 0x00000000c8600000, 0x00000000c8700000|  0%| F|  |TAMS 0x00000000c8600000, 0x00000000c8600000| Untracked 
|  53|0x00000000c8700000, 0x00000000c87b4ca8, 0x00000000c8800000| 70%| E|  |TAMS 0x00000000c8700000, 0x00000000c8700000| Complete 
|  54|0x00000000c8800000, 0x00000000c8900000, 0x00000000c8900000|100%| E|CS|TAMS 0x00000000c8800000, 0x00000000c8800000| Complete 
|  55|0x00000000c8900000, 0x00000000c8a00000, 0x00000000c8a00000|100%| E|CS|TAMS 0x00000000c8900000, 0x00000000c8900000| Complete 
|  56|0x00000000c8a00000, 0x00000000c8b00000, 0x00000000c8b00000|100%| E|CS|TAMS 0x00000000c8a00000, 0x00000000c8a00000| Complete 
|  57|0x00000000c8b00000, 0x00000000c8c00000, 0x00000000c8c00000|100%| E|CS|TAMS 0x00000000c8b00000, 0x00000000c8b00000| Complete 
|  58|0x00000000c8c00000, 0x00000000c8d00000, 0x00000000c8d00000|100%| E|CS|TAMS 0x00000000c8c00000, 0x00000000c8c00000| Complete 
|  59|0x00000000c8d00000, 0x00000000c8e00000, 0x00000000c8e00000|100%| E|CS|TAMS 0x00000000c8d00000, 0x00000000c8d00000| Complete 

Card table byte_map: [0x0000013a20bc0000,0x0000013a20da0000] _byte_map_base: 0x0000013a20597000

Marking Bits (Prev, Next): (CMBitMap*) 0x0000013a20e61898, (CMBitMap*) 0x0000013a20e618d0
 Prev Bits: [0x0000013a38730000, 0x0000013a395e8000)
 Next Bits: [0x0000013a395f0000, 0x0000013a3a4a8000)

Polling page: 0x0000013a205b0000

Metaspace:

Usage:
  Non-class:      8.46 MB capacity,     8.24 MB ( 97%) used,   208.98 KB (  2%) free+waste,    16.19 KB ( <1%) overhead. 
      Class:    954.00 KB capacity,   868.35 KB ( 91%) used,    77.65 KB (  8%) free+waste,     8.00 KB ( <1%) overhead. 
       Both:      9.40 MB capacity,     9.09 MB ( 97%) used,   286.63 KB (  3%) free+waste,    24.19 KB ( <1%) overhead. 

Virtual space:
  Non-class space:       10.00 MB reserved,       8.50 MB ( 85%) committed 
      Class space:        1.00 GB reserved,       1.00 MB ( <1%) committed 
             Both:        1.01 GB reserved,       9.50 MB ( <1%) committed 

Chunk freelists:
   Non-Class:  36.00 KB
       Class:  6.00 KB
        Both:  42.00 KB

MaxMetaspaceSize: 17179869184.00 GB
CompressedClassSpaceSize: 1.00 GB
Initial GC threshold: 20.80 MB
Current GC threshold: 20.80 MB
CDS: off

CodeHeap 'non-profiled nmethods': size=120064Kb used=168Kb max_used=168Kb free=119895Kb
 bounds [0x0000013a31010000, 0x0000013a31280000, 0x0000013a38550000]
CodeHeap 'profiled nmethods': size=120000Kb used=843Kb max_used=843Kb free=119156Kb
 bounds [0x0000013a29ae0000, 0x0000013a29d50000, 0x0000013a31010000]
CodeHeap 'non-nmethods': size=5696Kb used=1112Kb max_used=1125Kb free=4583Kb
 bounds [0x0000013a29550000, 0x0000013a297c0000, 0x0000013a29ae0000]
 total_blobs=922 nmethods=558 adapters=278
 compilation: enabled
              stopped_count=0, restarted_count=0
 full_count=0

Compilation events (20 events):
Event: 0.735 Thread 0x0000013a3c8f9000  547       3       java.lang.String::toLowerCase (29 bytes)
Event: 0.736 Thread 0x0000013a3c8f9000 nmethod 547 0x0000013a29bae910 code [0x0000013a29baeae0, 0x0000013a29baed78]
Event: 0.736 Thread 0x0000013a3c8f9000  546       1       java.util.logging.LogManager$LoggerContext::getOwner (5 bytes)
Event: 0.736 Thread 0x0000013a3c8f9000 nmethod 546 0x0000013a31038e90 code [0x0000013a31039040, 0x0000013a310390f8]
Event: 0.736 Thread 0x0000013a3c8f9000  548       3       sun.net.util.IPAddressUtil::scan (92 bytes)
Event: 0.737 Thread 0x0000013a3c8f9000 nmethod 548 0x0000013a29baee90 code [0x0000013a29baf100, 0x0000013a29bafbf8]
Event: 0.738 Thread 0x0000013a3c8f9000  549       3       java.lang.String::concat (115 bytes)
Event: 0.740 Thread 0x0000013a3c8f9000 nmethod 549 0x0000013a29bb0190 code [0x0000013a29bb0420, 0x0000013a29bb10a8]
Event: 0.740 Thread 0x0000013a3c8ee800  550       4       java.lang.StringCoding::hasNegatives (25 bytes)
Event: 0.742 Thread 0x0000013a3c8f9000  551       3       java.lang.String::indexOf (18 bytes)
Event: 0.742 Thread 0x0000013a3c8f9000 nmethod 551 0x0000013a29bb1510 code [0x0000013a29bb16e0, 0x0000013a29bb19a8]
Event: 0.744 Thread 0x0000013a3c8f9000  552       3       java.lang.String::getChars (54 bytes)
Event: 0.744 Thread 0x0000013a3c8ee800 nmethod 550 0x0000013a31039190 code [0x0000013a31039320, 0x0000013a31039478]
Event: 0.744 Thread 0x0000013a3c8f9000 nmethod 552 0x0000013a29bb1b10 code [0x0000013a29bb1d20, 0x0000013a29bb21d8]
Event: 0.747 Thread 0x0000013a3c8f9000  553       3       java.io.WinNTFileSystem::isLetter (30 bytes)
Event: 0.747 Thread 0x0000013a3c8f9000 nmethod 553 0x0000013a29bb2410 code [0x0000013a29bb25c0, 0x0000013a29bb27d8]
Event: 0.749 Thread 0x0000013a3c8f9000  554       3       sun.net.www.protocol.file.Handler::parseURL (18 bytes)
Event: 0.749 Thread 0x0000013a3c8ee800  556       4       java.lang.String::startsWith (138 bytes)
Event: 0.749 Thread 0x0000013a3c8f9000 nmethod 554 0x0000013a29bb2890 code [0x0000013a29bb2a60, 0x0000013a29bb2bf8]
Event: 0.749 Thread 0x0000013a3c8f9000  555       3       java.net.URLStreamHandler::parseURL (1201 bytes)

GC Heap History (0 events):
No events

Deoptimization events (20 events):
Event: 0.545 Thread 0x0000013a20e37800 Uncommon trap: trap_request=0xffffffc6 fr.pc=0x0000013a3101ac14 relative=0x0000000000000074
Event: 0.545 Thread 0x0000013a20e37800 Uncommon trap: reason=bimorphic_or_optimized_type_check action=maybe_recompile pc=0x0000013a3101ac14 method=java.util.AbstractCollection.isEmpty()Z @ 1 c2
Event: 0.545 Thread 0x0000013a20e37800 DEOPT PACKING pc=0x0000013a3101ac14 sp=0x00000035b21fb0c0
Event: 0.545 Thread 0x0000013a20e37800 DEOPT UNPACKING pc=0x0000013a2959a1a9 sp=0x00000035b21fb050 mode 2
Event: 0.545 Thread 0x0000013a20e37800 Uncommon trap: trap_request=0xffffffc6 fr.pc=0x0000013a3101ac14 relative=0x0000000000000074
Event: 0.545 Thread 0x0000013a20e37800 Uncommon trap: reason=bimorphic_or_optimized_type_check action=maybe_recompile pc=0x0000013a3101ac14 method=java.util.AbstractCollection.isEmpty()Z @ 1 c2
Event: 0.545 Thread 0x0000013a20e37800 DEOPT PACKING pc=0x0000013a3101ac14 sp=0x00000035b21fb290
Event: 0.545 Thread 0x0000013a20e37800 DEOPT UNPACKING pc=0x0000013a2959a1a9 sp=0x00000035b21fb220 mode 2
Event: 0.547 Thread 0x0000013a20e37800 Uncommon trap: trap_request=0xffffffc6 fr.pc=0x0000013a3101ac14 relative=0x0000000000000074
Event: 0.548 Thread 0x0000013a20e37800 Uncommon trap: reason=bimorphic_or_optimized_type_check action=maybe_recompile pc=0x0000013a3101ac14 method=java.util.AbstractCollection.isEmpty()Z @ 1 c2
Event: 0.548 Thread 0x0000013a20e37800 DEOPT PACKING pc=0x0000013a3101ac14 sp=0x00000035b21fb2a0
Event: 0.548 Thread 0x0000013a20e37800 DEOPT UNPACKING pc=0x0000013a2959a1a9 sp=0x00000035b21fb230 mode 2
Event: 0.549 Thread 0x0000013a20e37800 Uncommon trap: trap_request=0xffffffc6 fr.pc=0x0000013a3101ac14 relative=0x0000000000000074
Event: 0.549 Thread 0x0000013a20e37800 Uncommon trap: reason=bimorphic_or_optimized_type_check action=maybe_recompile pc=0x0000013a3101ac14 method=java.util.AbstractCollection.isEmpty()Z @ 1 c2
Event: 0.549 Thread 0x0000013a20e37800 DEOPT PACKING pc=0x0000013a3101ac14 sp=0x00000035b21fb0c0
Event: 0.549 Thread 0x0000013a20e37800 DEOPT UNPACKING pc=0x0000013a2959a1a9 sp=0x00000035b21fb050 mode 2
Event: 0.729 Thread 0x0000013a20e37800 DEOPT PACKING pc=0x0000013a29b45222 sp=0x00000035b21fd460
Event: 0.729 Thread 0x0000013a20e37800 DEOPT UNPACKING pc=0x0000013a2959a93f sp=0x00000035b21fc8c8 mode 0
Event: 0.740 Thread 0x0000013a20e37800 DEOPT PACKING pc=0x0000013a29b232d0 sp=0x00000035b21fd0c0
Event: 0.740 Thread 0x0000013a20e37800 DEOPT UNPACKING pc=0x0000013a2959a93f sp=0x00000035b21fc548 mode 0

Classes redefined (0 events):
No events

Internal exceptions (2 events):
Event: 0.484 Thread 0x0000013a20e37800 Exception <a 'java/lang/NoSuchMethodError'{0x00000000c8bc3d28}: 'java.lang.Object java.lang.invoke.DirectMethodHandle$Holder.invokeStaticInit(java.lang.Object, int)'> (0x00000000c8bc3d28) thrown at [s\src\hotspot\share\interpreter\linkResolver.cpp, line 773]
Event: 0.719 Thread 0x0000013a20e37800 Exception <a 'java/lang/NoSuchMethodError'{0x00000000c89f6470}: 'int java.lang.invoke.DirectMethodHandle$Holder.invokeVirtual(java.lang.Object, java.lang.Object)'> (0x00000000c89f6470) thrown at [s\src\hotspot\share\interpreter\linkResolver.cpp, line 773]

Events (20 events):
Event: 0.740 loading class org/junit/platform/engine/support/discovery/EngineDiscoveryRequestResolver
Event: 0.740 loading class org/junit/platform/engine/support/discovery/EngineDiscoveryRequestResolver done
Event: 0.741 loading class org/junit/platform/engine/support/discovery/EngineDiscoveryRequestResolver$InitializationContext
Event: 0.741 loading class org/junit/platform/engine/support/discovery/EngineDiscoveryRequestResolver$InitializationContext done
Event: 0.742 loading class org/junit/platform/engine/support/discovery/EngineDiscoveryRequestResolver$Builder
Event: 0.742 loading class org/junit/platform/engine/support/discovery/EngineDiscoveryRequestResolver$Builder done
Event: 0.743 loading class org/junit/jupiter/engine/discovery/predicates/IsTestClassWithTests
Event: 0.743 loading class org/junit/jupiter/engine/discovery/predicates/IsTestClassWithTests done
Event: 0.745 loading class org/junit/jupiter/engine/discovery/predicates/IsTestMethod
Event: 0.745 loading class org/junit/jupiter/engine/discovery/predicates/IsTestMethod done
Event: 0.745 loading class org/junit/jupiter/engine/discovery/predicates/IsTestableMethod
Event: 0.745 loading class org/junit/jupiter/engine/discovery/predicates/IsTestableMethod done
Event: 0.746 loading class org/junit/jupiter/api/Test
Event: 0.746 loading class org/junit/jupiter/api/Test done
Event: 0.747 loading class org/junit/jupiter/engine/discovery/predicates/IsTestFactoryMethod
Event: 0.747 loading class org/junit/jupiter/engine/discovery/predicates/IsTestFactoryMethod done
Event: 0.748 loading class org/junit/jupiter/api/TestFactory
Event: 0.748 loading class org/junit/jupiter/api/TestFactory done
Event: 0.748 loading class org/junit/jupiter/engine/discovery/predicates/IsTestTemplateMethod
Event: 0.748 loading class org/junit/jupiter/engine/discovery/predicates/IsTestTemplateMethod done


Dynamic libraries:
0x00007ff7fdab0000 - 0x00007ff7fdabd000 	C:\Users\1\.jdks\corretto-11.0.20\bin\java.exe
0x00007ffc2eff0000 - 0x00007ffc2f1e8000 	C:\WINDOWS\SYSTEM32\ntdll.dll
0x00007ffc2e380000 - 0x00007ffc2e43d000 	C:\WINDOWS\System32\KERNEL32.DLL
0x00007ffc2c8f0000 - 0x00007ffc2cbe6000 	C:\WINDOWS\System32\KERNELBASE.dll
0x00007ffc2c6d0000 - 0x00007ffc2c7d0000 	C:\WINDOWS\System32\ucrtbase.dll
0x00007ffc25a10000 - 0x00007ffc25a27000 	C:\Users\1\.jdks\corretto-11.0.20\bin\jli.dll
0x00007ffc2d1d0000 - 0x00007ffc2d36e000 	C:\WINDOWS\System32\USER32.dll
0x00007ffc2cec0000 - 0x00007ffc2cee2000 	C:\WINDOWS\System32\win32u.dll
0x00007ffc2d050000 - 0x00007ffc2d07c000 	C:\WINDOWS\System32\GDI32.dll
0x00007ffc2c7d0000 - 0x00007ffc2c8ea000 	C:\WINDOWS\System32\gdi32full.dll
0x00007ffc2ccf0000 - 0x00007ffc2cd8d000 	C:\WINDOWS\System32\msvcp_win.dll
0x00007ffc249b0000 - 0x00007ffc249c9000 	C:\Users\1\.jdks\corretto-11.0.20\bin\VCRUNTIME140.dll
0x00007ffc1f1c0000 - 0x00007ffc1f45a000 	C:\WINDOWS\WinSxS\amd64_microsoft.windows.common-controls_6595b64144ccf1df_6.0.19041.1110_none_60b5254171f9507e\COMCTL32.dll
0x00007ffc2dfb0000 - 0x00007ffc2e04e000 	C:\WINDOWS\System32\msvcrt.dll
0x00007ffc2e050000 - 0x00007ffc2e080000 	C:\WINDOWS\System32\IMM32.DLL
0x00007ffc2c430000 - 0x00007ffc2c460000 	C:\WINDOWS\system32\DriverStore\FileRepository\nvacwu.inf_amd64_bdd6ea477d4e2fba\nvinitx.dll
0x00007ffc2d7e0000 - 0x00007ffc2d88e000 	C:\WINDOWS\System32\ADVAPI32.dll
0x00007ffc2d130000 - 0x00007ffc2d1cc000 	C:\WINDOWS\System32\sechost.dll
0x00007ffc2ee60000 - 0x00007ffc2ef86000 	C:\WINDOWS\System32\RPCRT4.dll
0x00007ffc2c420000 - 0x00007ffc2c42a000 	C:\WINDOWS\SYSTEM32\VERSION.dll
0x00007ffc2e440000 - 0x00007ffc2eb85000 	C:\WINDOWS\System32\Shell32.dll
0x00007ffc2a720000 - 0x00007ffc2aebb000 	C:\WINDOWS\SYSTEM32\windows.storage.dll
0x00007ffc2dc50000 - 0x00007ffc2dfa4000 	C:\WINDOWS\System32\combase.dll
0x00007ffc2c000000 - 0x00007ffc2c02e000 	C:\WINDOWS\SYSTEM32\Wldp.dll
0x00007ffc2db20000 - 0x00007ffc2dbcd000 	C:\WINDOWS\System32\SHCORE.dll
0x00007ffc2ecb0000 - 0x00007ffc2ed05000 	C:\WINDOWS\System32\shlwapi.dll
0x000000006e8f0000 - 0x000000006e8f6000 	C:\Program Files\NVIDIA Corporation\CoProcManager\_etoured.dll
0x00007ffc20470000 - 0x00007ffc204ab000 	C:\Program Files\NVIDIA Corporation\CoProcManager\nvd3d9wrapx.dll
0x00007ffc2d370000 - 0x00007ffc2d7de000 	C:\WINDOWS\System32\SETUPAPI.dll
0x00007ffc2cca0000 - 0x00007ffc2ccee000 	C:\WINDOWS\System32\cfgmgr32.dll
0x00007ffc2ce90000 - 0x00007ffc2ceb7000 	C:\WINDOWS\System32\bcrypt.dll
0x00007ffc22b60000 - 0x00007ffc22b84000 	C:\Program Files\NVIDIA Corporation\CoProcManager\nvdxgiwrapx.dll
0x00007ffc18c30000 - 0x00007ffc18ccb000 	C:\Users\1\.jdks\corretto-11.0.20\bin\msvcp140.dll
0x00007ffbea2f0000 - 0x00007ffbeae7b000 	C:\Users\1\.jdks\corretto-11.0.20\bin\server\jvm.dll
0x00007ffc2e080000 - 0x00007ffc2e088000 	C:\WINDOWS\System32\PSAPI.DLL
0x00007ffc28050000 - 0x00007ffc28059000 	C:\WINDOWS\SYSTEM32\WSOCK32.dll
0x00007ffc2dbd0000 - 0x00007ffc2dc3b000 	C:\WINDOWS\System32\WS2_32.dll
0x00007ffc1f0c0000 - 0x00007ffc1f0e7000 	C:\WINDOWS\SYSTEM32\WINMM.dll
0x00007ffc2a440000 - 0x00007ffc2a452000 	C:\WINDOWS\SYSTEM32\kernel.appcore.dll
0x00007ffc28300000 - 0x00007ffc28310000 	C:\Users\1\.jdks\corretto-11.0.20\bin\verify.dll
0x00007ffc264c0000 - 0x00007ffc266a4000 	C:\WINDOWS\SYSTEM32\DBGHELP.DLL
0x00007ffc25e60000 - 0x00007ffc25e94000 	C:\WINDOWS\SYSTEM32\dbgcore.DLL
0x00007ffc2cd90000 - 0x00007ffc2ce12000 	C:\WINDOWS\System32\bcryptPrimitives.dll
0x00007ffc1dbb0000 - 0x00007ffc1dbd8000 	C:\Users\1\.jdks\corretto-11.0.20\bin\java.dll
0x00007ffc27820000 - 0x00007ffc2782a000 	C:\Users\1\.jdks\corretto-11.0.20\bin\jimage.dll
0x00007ffc221b0000 - 0x00007ffc221be000 	C:\Users\1\.jdks\corretto-11.0.20\bin\instrument.dll
0x00007ffc20fc0000 - 0x00007ffc20fd8000 	C:\Users\1\.jdks\corretto-11.0.20\bin\zip.dll
0x00007ffc2c600000 - 0x00007ffc2c625000 	C:\WINDOWS\SYSTEM32\profapi.dll
0x00007ffc19360000 - 0x00007ffc19379000 	C:\Users\1\.jdks\corretto-11.0.20\bin\net.dll
0x00007ffc25240000 - 0x00007ffc2534a000 	C:\WINDOWS\SYSTEM32\WINHTTP.dll
0x00007ffc2bd60000 - 0x00007ffc2bdca000 	C:\WINDOWS\system32\mswsock.dll
0x00007ffc19340000 - 0x00007ffc19353000 	C:\Users\1\.jdks\corretto-11.0.20\bin\nio.dll
0x00007ffc21000000 - 0x00007ffc2101a000 	C:\Program Files\JetBrains\IntelliJ IDEA Community Edition 2023.2\bin\breakgen64.dll

dbghelp: loaded successfully - version: 4.0.5 - missing functions: none
symbol engine: initialized successfully - sym options: 0x614 - pdb path: .;C:\Users\1\.jdks\corretto-11.0.20\bin;C:\WINDOWS\SYSTEM32;C:\WINDOWS\WinSxS\amd64_microsoft.windows.common-controls_6595b64144ccf1df_6.0.19041.1110_none_60b5254171f9507e;C:\WINDOWS\system32\DriverStore\FileRepository\nvacwu.inf_amd64_bdd6ea477d4e2fba;C:\Program Files\NVIDIA Corporation\CoProcManager;C:\Users\1\.jdks\corretto-11.0.20\bin\server;C:\Program Files\JetBrains\IntelliJ IDEA Community Edition 2023.2\bin

VM Arguments:
jvm_args: -ea -Didea.test.cyclic.buffer.size=1048576 -javaagent:C:\Program Files\JetBrains\IntelliJ IDEA Community Edition 2023.2\lib\idea_rt.jar=51454:C:\Program Files\JetBrains\IntelliJ IDEA Community Edition 2023.2\bin -Dfile.encoding=UTF-8 
java_command: com.intellij.rt.junit.JUnitStarter -ideVersion5 -junit5 Task.TaskTest
java_class_path (initial): C:\Users\1\.m2\repository\org\junit\platform\junit-platform-launcher\1.7.0\junit-platform-launcher-1.7.0.jar;C:\Program Files\JetBrains\IntelliJ IDEA Community Edition 2023.2\lib\idea_rt.jar;C:\Program Files\JetBrains\IntelliJ IDEA Community Edition 2023.2\plugins\junit\lib\junit5-rt.jar;C:\Program Files\JetBrains\IntelliJ IDEA Community Edition 2023.2\plugins\junit\lib\junit-rt.jar;C:\Users\1\Java\Java13_1\target\test-classes;C:\Users\1\Java\Java13_1\target\classes;C:\Users\1\.m2\repository\org\junit\jupiter\junit-jupiter\5.7.0\junit-jupiter-5.7.0.jar;C:\Users\1\.m2\repository\org\junit\jupiter\junit-jupiter-api\5.7.0\junit-jupiter-api-5.7.0.jar;C:\Users\1\.m2\repository\org\apiguardian\apiguardian-api\1.1.0\apiguardian-api-1.1.0.jar;C:\Users\1\.m2\repository\org\opentest4j\opentest4j\1.2.0\opentest4j-1.2.0.jar;C:\Users\1\.m2\repository\org\junit\platform\junit-platform-commons\1.7.0\junit-platform-commons-1.7.0.jar;C:\Users\1\.m2\repository\org\junit\jupiter\junit-jupiter-params\5.7.0\junit-jupiter-params-5.7.0.jar;C:\Users\1\.m2\repository\org\junit\jupiter\junit-jupiter-engine\5.7.0\junit-jupiter-engine-5.7.0.jar;C:\Users\1\.m2\repository\org\junit\platform\junit-platform-engine\1.7.0\junit-platform-engine-1.7.0.jar
Launcher Type: SUN_STANDARD

[Global flags]
     intx CICompilerCount                          = 2                                         {product} {ergonomic}
     uint ConcGCThreads                            = 1                                         {product} {ergonomic}
     uint G1ConcRefinementThreads                  = 2                                         {product} {ergonomic}
   size_t G1HeapRegionSize                         = 1048576                                   {product} {ergonomic}
    uintx GCDrainStackTargetSize                   = 64                                        {product} {ergonomic}
   size_t InitialHeapSize                          = 62914560                                  {product} {ergonomic}
   size_t MarkStackSize                            = 4194304                                   {product} {ergonomic}
   size_t MaxHeapSize                              = 987758592                                 {product} {ergonomic}
   size_t MaxNewSize                               = 592445440                                 {product} {ergonomic}
   size_t MinHeapDeltaBytes                        = 1048576                                   {product} {ergonomic}
    uintx NonNMethodCodeHeapSize                   = 5825164                                {pd product} {ergonomic}
    uintx NonProfiledCodeHeapSize                  = 122916538                              {pd product} {ergonomic}
    uintx ProfiledCodeHeapSize                     = 122916538                              {pd product} {ergonomic}
    uintx ReservedCodeCacheSize                    = 251658240                              {pd product} {ergonomic}
     bool SegmentedCodeCache                       = true                                      {product} {ergonomic}
     bool UseCompressedClassPointers               = true                                 {lp64_product} {ergonomic}
     bool UseCompressedOops                        = true                                 {lp64_product} {ergonomic}
     bool UseG1GC                                  = true                                      {product} {ergonomic}
     bool UseLargePagesIndividualAllocation        = false                                  {pd product} {ergonomic}

Logging:
Log output configuration:
 #0: stdout all=warning uptime,level,tags
 #1: stderr all=off uptime,level,tags

Environment Variables:
PATH=C:\Program Files\Eclipse Adoptium\jdk-11.0.19.7-hotspot\bin;C:\WINDOWS\system32;C:\WINDOWS;C:\WINDOWS\System32\Wbem;C:\WINDOWS\System32\WindowsPowerShell\v1.0\;C:\WINDOWS\System32\OpenSSH\;C:\Program Files\Git\cmd;C:\Users\1\AppData\Local\Microsoft\WindowsApps;;C:\Users\1\AppData\Local\Programs\Microsoft VS Code\bin
USERNAME=1
OS=Windows_NT
PROCESSOR_IDENTIFIER=Intel64 Family 6 Model 37 Stepping 5, GenuineIntel
TMP=C:\Users\1\AppData\Local\Temp
TEMP=C:\Users\1\AppData\Local\Temp



---------------  S Y S T E M  ---------------

OS: Windows 10 , 64 bit Build 19041 (10.0.19041.3393)
OS uptime: 0 days 4:52 hours

CPU:total 2 (initial active 2) (2 cores per cpu, 1 threads per core) family 6 model 37 stepping 5 microcode 0x7, cmov, cx8, fxsr, mmx, sse, sse2, sse3, ssse3, popcnt, tsc, tscinvbit

Memory: 4k page, system-wide physical 3766M (373M free)
TotalPageFile size 5814M (AvailPageFile size 3M)
current process WorkingSet (physical memory assigned to process): 47M, peak: 47M
current process commit charge ("private bytes"): 130M, peak: 130M

vm_info: OpenJDK 64-Bit Server VM (11.0.20+8-LTS) for windows-amd64 JRE (11.0.20+8-LTS), built on Jul 11 2023 19:58:45 by "Administrator" with MS VC++ 15.9 (VS2017)

END.
